<?xml version="1.0" encoding="UTF-8"?>
<testsuite xmlns:xsi="http://www.w3.org/2001/XMLSchema-instance" xsi:noNamespaceSchemaLocation="https://maven.apache.org/surefire/maven-surefire-plugin/xsd/surefire-test-report.xsd" name="com.mxsoft.AppTest" time="0.244" tests="1" errors="0" skipped="0" failures="0">
  <properties>
    <property name="sun.desktop" value="windows"/>
    <property name="awt.toolkit" value="sun.awt.windows.WToolkit"/>
    <property name="file.encoding.pkg" value="sun.io"/>
    <property name="java.specification.version" value="1.8"/>
    <property name="sun.cpu.isalist" value="amd64"/>
    <property name="sun.jnu.encoding" value="GBK"/>
    <property name="java.class.path" value="D:\code\src\java_code\fuwumofang\common\target\test-classes;D:\code\src\java_code\fuwumofang\common\target\classes;D:\code\lib\repo\cglib\cglib\3.2.12\cglib-3.2.12.jar;D:\code\lib\repo\org\ow2\asm\asm\7.1\asm-7.1.jar;D:\code\lib\repo\asm\asm\3.3.1\asm-3.3.1.jar;D:\code\lib\repo\org\springframework\spring-webmvc\5.1.8.RELEASE\spring-webmvc-5.1.8.RELEASE.jar;D:\code\lib\repo\org\springframework\spring-aop\5.1.8.RELEASE\spring-aop-5.1.8.RELEASE.jar;D:\code\lib\repo\org\springframework\spring-web\5.1.8.RELEASE\spring-web-5.1.8.RELEASE.jar;D:\code\lib\repo\org\aspectj\aspectjrt\1.8.13\aspectjrt-1.8.13.jar;D:\code\lib\repo\org\aspectj\aspectjweaver\1.8.7\aspectjweaver-1.8.7.jar;D:\code\lib\repo\com\alibaba\druid\1.1.19\druid-1.1.19.jar;D:\code\lib\repo\org\mybatis\mybatis\3.5.2\mybatis-3.5.2.jar;D:\code\lib\repo\org\mybatis\mybatis-spring\2.0.2\mybatis-spring-2.0.2.jar;D:\code\lib\repo\org\springframework\spring-context\5.1.8.RELEASE\spring-context-5.1.8.RELEASE.jar;D:\code\lib\repo\org\springframework\spring-context-support\5.1.8.RELEASE\spring-context-support-5.1.8.RELEASE.jar;D:\code\lib\repo\org\springframework\spring-core\5.1.8.RELEASE\spring-core-5.1.8.RELEASE.jar;D:\code\lib\repo\org\springframework\spring-jcl\5.1.8.RELEASE\spring-jcl-5.1.8.RELEASE.jar;D:\code\lib\repo\org\springframework\spring-expression\5.1.8.RELEASE\spring-expression-5.1.8.RELEASE.jar;D:\code\lib\repo\org\springframework\spring-beans\5.1.8.RELEASE\spring-beans-5.1.8.RELEASE.jar;D:\code\lib\repo\org\springframework\spring-jdbc\5.1.8.RELEASE\spring-jdbc-5.1.8.RELEASE.jar;D:\code\lib\repo\org\springframework\spring-orm\5.1.8.RELEASE\spring-orm-5.1.8.RELEASE.jar;D:\code\lib\repo\org\springframework\spring-tx\5.1.8.RELEASE\spring-tx-5.1.8.RELEASE.jar;D:\code\lib\repo\org\slf4j\slf4j-api\1.7.25\slf4j-api-1.7.25.jar;D:\code\lib\repo\ch\qos\logback\logback-classic\1.2.3\logback-classic-1.2.3.jar;D:\code\lib\repo\ch\qos\logback\logback-core\1.2.3\logback-core-1.2.3.jar;D:\code\lib\repo\mysql\mysql-connector-java\5.1.6\mysql-connector-java-5.1.6.jar;D:\code\lib\repo\taglibs\standard\1.1.2\standard-1.1.2.jar;D:\code\lib\repo\jstl\jstl\1.2\jstl-1.2.jar;D:\code\lib\repo\junit\junit\4.12\junit-4.12.jar;D:\code\lib\repo\org\hamcrest\hamcrest-core\1.3\hamcrest-core-1.3.jar;"/>
    <property name="java.vm.vendor" value="Oracle Corporation"/>
    <property name="sun.arch.data.model" value="64"/>
    <property name="user.variant" value=""/>
    <property name="java.vendor.url" value="http://java.oracle.com/"/>
    <property name="user.timezone" value="Asia/Shanghai"/>
    <property name="java.vm.specification.version" value="1.8"/>
    <property name="os.name" value="Windows 10"/>
    <property name="user.country" value="CN"/>
    <property name="sun.java.launcher" value="SUN_STANDARD"/>
    <property name="sun.boot.library.path" value="C:\Program Files\Java\jdk1.8.0_221\jre\bin"/>
    <property name="sun.java.command" value="C:\Users\alex\AppData\Local\Temp\surefire7826648632377236686\surefirebooter1898405114267880012.jar C:\Users\alex\AppData\Local\Temp\surefire7826648632377236686 2019-11-09T09-19-07_521-jvmRun1 surefire9060914336395327689tmp surefire_07847966179219642802tmp"/>
    <property name="surefire.test.class.path" value="D:\code\src\java_code\fuwumofang\common\target\test-classes;D:\code\src\java_code\fuwumofang\common\target\classes;D:\code\lib\repo\cglib\cglib\3.2.12\cglib-3.2.12.jar;D:\code\lib\repo\org\ow2\asm\asm\7.1\asm-7.1.jar;D:\code\lib\repo\asm\asm\3.3.1\asm-3.3.1.jar;D:\code\lib\repo\org\springframework\spring-webmvc\5.1.8.RELEASE\spring-webmvc-5.1.8.RELEASE.jar;D:\code\lib\repo\org\springframework\spring-aop\5.1.8.RELEASE\spring-aop-5.1.8.RELEASE.jar;D:\code\lib\repo\org\springframework\spring-web\5.1.8.RELEASE\spring-web-5.1.8.RELEASE.jar;D:\code\lib\repo\org\aspectj\aspectjrt\1.8.13\aspectjrt-1.8.13.jar;D:\code\lib\repo\org\aspectj\aspectjweaver\1.8.7\aspectjweaver-1.8.7.jar;D:\code\lib\repo\com\alibaba\druid\1.1.19\druid-1.1.19.jar;D:\code\lib\repo\org\mybatis\mybatis\3.5.2\mybatis-3.5.2.jar;D:\code\lib\repo\org\mybatis\mybatis-spring\2.0.2\mybatis-spring-2.0.2.jar;D:\code\lib\repo\org\springframework\spring-context\5.1.8.RELEASE\spring-context-5.1.8.RELEASE.jar;D:\code\lib\repo\org\springframework\spring-context-support\5.1.8.RELEASE\spring-context-support-5.1.8.RELEASE.jar;D:\code\lib\repo\org\springframework\spring-core\5.1.8.RELEASE\spring-core-5.1.8.RELEASE.jar;D:\code\lib\repo\org\springframework\spring-jcl\5.1.8.RELEASE\spring-jcl-5.1.8.RELEASE.jar;D:\code\lib\repo\org\springframework\spring-expression\5.1.8.RELEASE\spring-expression-5.1.8.RELEASE.jar;D:\code\lib\repo\org\springframework\spring-beans\5.1.8.RELEASE\spring-beans-5.1.8.RELEASE.jar;D:\code\lib\repo\org\springframework\spring-jdbc\5.1.8.RELEASE\spring-jdbc-5.1.8.RELEASE.jar;D:\code\lib\repo\org\springframework\spring-orm\5.1.8.RELEASE\spring-orm-5.1.8.RELEASE.jar;D:\code\lib\repo\org\springframework\spring-tx\5.1.8.RELEASE\spring-tx-5.1.8.RELEASE.jar;D:\code\lib\repo\org\slf4j\slf4j-api\1.7.25\slf4j-api-1.7.25.jar;D:\code\lib\repo\ch\qos\logback\logback-classic\1.2.3\logback-classic-1.2.3.jar;D:\code\lib\repo\ch\qos\logback\logback-core\1.2.3\logback-core-1.2.3.jar;D:\code\lib\repo\mysql\mysql-connector-java\5.1.6\mysql-connector-java-5.1.6.jar;D:\code\lib\repo\taglibs\standard\1.1.2\standard-1.1.2.jar;D:\code\lib\repo\jstl\jstl\1.2\jstl-1.2.jar;D:\code\lib\repo\junit\junit\4.12\junit-4.12.jar;D:\code\lib\repo\org\hamcrest\hamcrest-core\1.3\hamcrest-core-1.3.jar;"/>
    <property name="sun.cpu.endian" value="little"/>
    <property name="user.home" value="C:\Users\alex"/>
    <property name="user.language" value="zh"/>
    <property name="java.specification.vendor" value="Oracle Corporation"/>
    <property name="java.home" value="C:\Program Files\Java\jdk1.8.0_221\jre"/>
    <property name="basedir" value="D:\code\src\java_code\fuwumofang\common"/>
    <property name="file.separator" value="\"/>
    <property name="line.separator" value="&#10;"/>
    <property name="idea.version2019.2.4" value="true"/>
    <property name="java.vm.specification.vendor" value="Oracle Corporation"/>
    <property name="java.specification.name" value="Java Platform API Specification"/>
    <property name="java.awt.graphicsenv" value="sun.awt.Win32GraphicsEnvironment"/>
    <property name="surefire.real.class.path" value="C:\Users\alex\AppData\Local\Temp\surefire7826648632377236686\surefirebooter1898405114267880012.jar"/>
    <property name="sun.boot.class.path" value="C:\Program Files\Java\jdk1.8.0_221\jre\lib\resources.jar;C:\Program Files\Java\jdk1.8.0_221\jre\lib\rt.jar;C:\Program Files\Java\jdk1.8.0_221\jre\lib\sunrsasign.jar;C:\Program Files\Java\jdk1.8.0_221\jre\lib\jsse.jar;C:\Program Files\Java\jdk1.8.0_221\jre\lib\jce.jar;C:\Program Files\Java\jdk1.8.0_221\jre\lib\charsets.jar;C:\Program Files\Java\jdk1.8.0_221\jre\lib\jfr.jar;C:\Program Files\Java\jdk1.8.0_221\jre\classes"/>
    <property name="user.script" value=""/>
    <property name="sun.management.compiler" value="HotSpot 64-Bit Tiered Compilers"/>
    <property name="java.runtime.version" value="1.8.0_221-b11"/>
    <property name="user.name" value="alex"/>
    <property name="path.separator" value=";"/>
    <property name="os.version" value="10.0"/>
    <property name="java.endorsed.dirs" value="C:\Program Files\Java\jdk1.8.0_221\jre\lib\endorsed"/>
    <property name="java.runtime.name" value="Java(TM) SE Runtime Environment"/>
    <property name="file.encoding" value="GBK"/>
    <property name="java.vm.name" value="Java HotSpot(TM) 64-Bit Server VM"/>
    <property name="localRepository" value="D:\code\lib\repo"/>
    <property name="java.vendor.url.bug" value="http://bugreport.sun.com/bugreport/"/>
    <property name="java.io.tmpdir" value="C:\Users\alex\AppData\Local\Temp\"/>
    <property name="java.version" value="1.8.0_221"/>
    <property name="user.dir" value="D:\code\src\java_code\fuwumofang\common"/>
    <property name="os.arch" value="amd64"/>
    <property name="java.vm.specification.name" value="Java Virtual Machine Specification"/>
    <property name="java.awt.printerjob" value="sun.awt.windows.WPrinterJob"/>
    <property name="sun.os.patch.level" value=""/>
    <property name="java.library.path" value="C:\Program Files\Java\jdk1.8.0_221\jre\bin;C:\Windows\Sun\Java\bin;C:\Windows\system32;C:\Windows;C:\Program Files (x86)\Common Files\Oracle\Java\javapath;C:\Windows\system32;C:\Windows;C:\Windows\System32\Wbem;C:\Windows\System32\WindowsPowerShell\v1.0\;C:\Program Files (x86)\ATI Technologies\ATI.ACE\Core-Static;C:\Program Files\apache-maven-3.6.1\bin;C:\Program Files\Git\cmd;."/>
    <property name="java.vm.info" value="mixed mode"/>
    <property name="java.vendor" value="Oracle Corporation"/>
    <property name="java.vm.version" value="25.221-b11"/>
    <property name="java.ext.dirs" value="C:\Program Files\Java\jdk1.8.0_221\jre\lib\ext;C:\Windows\Sun\Java\lib\ext"/>
    <property name="sun.io.unicode.encoding" value="UnicodeLittle"/>
    <property name="java.class.version" value="52.0"/>
  </properties>
  <testcase name="shouldAnswerWithTrue" classname="com.mxsoft.AppTest" time="0.032"/>
</testsuite>